<?xml version="1.0" encoding="UTF-8"?>
<testsuite xmlns:xsi="http://www.w3.org/2001/XMLSchema-instance" xsi:noNamespaceSchemaLocation="https://maven.apache.org/surefire/maven-surefire-plugin/xsd/surefire-test-report.xsd" name="com.mycompany.app.AppTest" time="0.043" tests="4" errors="0" skipped="0" failures="0">
  <properties>
[...]
</properties>
  <testcase name="testCriarPapelMoedaValido" classname="com.mycompany.app.AppTest" time="0.003"/>
  <testcase name="TesteGetQuantidade" classname="com.mycompany.app.AppTest" time="0"/>
  <testcase name="testEmitirTicketComSaldoSuficiente" classname="com.mycompany.app.AppTest" time="0"/>
  <testcase name="testInserirDinheiroMenorQueZero" classname="com.mycompany.app.AppTest" time="0.001"/>
</testsuite>